2012-06-13 14:46:44 Error: [MissingControllerException] Controller class PostsController could not be found.
#0 D:\_portal\experimental\habtm_test_schema\app\webroot\index.php(92): Dispatcher->dispatch(Object(CakeRequest), Object(CakeResponse))
#1 {main}
2012-06-13 14:47:01 Error: [MissingTableException] Table posts_tags for model PostsTag was not found in datasource default.
#0 D:\_portal\experimental\habtm_test_schema\lib\Cake\Model\Model.php(3443): Model->setSource('posts_tags')
#1 D:\_portal\experimental\habtm_test_schema\lib\Cake\Model\Model.php(1292): Model->getDataSource()
#2 D:\_portal\experimental\habtm_test_schema\lib\Cake\Model\Model.php(838): Model->schema()
#3 D:\_portal\experimental\habtm_test_schema\lib\Cake\Model\Model.php(863): Model->__isset('PostsTag')
#4 D:\_portal\experimental\habtm_test_schema\lib\Cake\Model\Model.php(3511): Model->__get('PostsTag')
#5 D:\_portal\experimental\habtm_test_schema\lib\Cake\Model\Model.php(3257): Model->joinModel('PostsTag')
#6 D:\_portal\experimental\habtm_test_schema\lib\Cake\Model\Model.php(3070): Model->_validateWithModels(Array)
#7 D:\_portal\experimental\habtm_test_schema\lib\Cake\Model\Model.php(1634): Model->validates(Array)
#8 D:\_portal\experimental\habtm_test_schema\lib\Cake\Controller\Scaffold.php(243): Model->save(Array)
#9 D:\_portal\experimental\habtm_test_schema\lib\Cake\Controller\Scaffold.php(395): Scaffold->_scaffoldSave(Object(CakeRequest), 'add')
#10 D:\_portal\experimental\habtm_test_schema\lib\Cake\Controller\Scaffold.php(151): Scaffold->_scaffold(Object(CakeRequest))
#11 D:\_portal\experimental\habtm_test_schema\lib\Cake\Controller\Controller.php(530): Scaffold->__construct(Object(PostsController), Object(CakeRequest))
#12 D:\_portal\experimental\habtm_test_schema\lib\Cake\Controller\Controller.php(489): Controller->_getScaffold(Object(CakeRequest))
#13 D:\_portal\experimental\habtm_test_schema\lib\Cake\Routing\Dispatcher.php(103): Controller->invokeAction(Object(CakeRequest))
#14 D:\_portal\experimental\habtm_test_schema\lib\Cake\Routing\Dispatcher.php(85): Dispatcher->_invoke(Object(PostsController), Object(CakeRequest), Object(CakeResponse))
#15 D:\_portal\experimental\habtm_test_schema\app\webroot\index.php(92): Dispatcher->dispatch(Object(CakeRequest), Object(CakeResponse))
#16 {main}
2012-06-13 14:47:57 Error: [MissingControllerException] Controller class TagsController could not be found.
#0 D:\_portal\experimental\habtm_test_schema\app\webroot\index.php(92): Dispatcher->dispatch(Object(CakeRequest), Object(CakeResponse))
#1 {main}
2012-06-13 14:58:21 Error: [MissingTableException] Table tags for model Tag was not found in datasource test.
#0 D:\_portal\experimental\habtm_test_schema\lib\Cake\Model\Model.php(3443): Model->setSource('tags')
#1 D:\_portal\experimental\habtm_test_schema\lib\Cake\Model\Model.php(1292): Model->getDataSource()
#2 D:\_portal\experimental\habtm_test_schema\app\Model\Behavior\ProblematicBehavior.php(6): Model->schema()
#3 D:\_portal\experimental\habtm_test_schema\lib\Cake\Model\BehaviorCollection.php(148): ProblematicBehavior->setup(Object(Tag), Array)
#4 D:\_portal\experimental\habtm_test_schema\lib\Cake\Model\BehaviorCollection.php(68): BehaviorCollection->load('Problematic', Array)
#5 D:\_portal\experimental\habtm_test_schema\lib\Cake\Model\Model.php(725): BehaviorCollection->init('Tag', Array)
#6 [internal function]: Model->__construct(Array)
#7 D:\_portal\experimental\habtm_test_schema\lib\Cake\Utility\ClassRegistry.php(156): ReflectionClass->newInstance(Array)
#8 D:\_portal\experimental\habtm_test_schema\lib\Cake\Model\Model.php(1007): ClassRegistry::init(Array)
#9 D:\_portal\experimental\habtm_test_schema\lib\Cake\Model\Model.php(833): Model->_constructLinkedModel('Tag', 'Tag', NULL)
#10 D:\_portal\experimental\habtm_test_schema\lib\Cake\Model\Model.php(863): Model->__isset('Tag')
#11 D:\_portal\experimental\habtm_test_schema\lib\Cake\Model\Model.php(1052): Model->__get('Tag')
#12 D:\_portal\experimental\habtm_test_schema\lib\Cake\Model\Model.php(978): Model->_generateAssociation('hasAndBelongsTo...', 'Tag')
#13 D:\_portal\experimental\habtm_test_schema\lib\Cake\Model\Model.php(724): Model->_createLinks()
#14 D:\_portal\experimental\habtm_test_schema\lib\Cake\TestSuite\Fixture\CakeTestFixture.php(105): Model->__construct(NULL, NULL, 'default')
#15 D:\_portal\experimental\habtm_test_schema\lib\Cake\TestSuite\Fixture\CakeTestFixture.php(82): CakeTestFixture->init()
#16 D:\_portal\experimental\habtm_test_schema\lib\Cake\TestSuite\Fixture\CakeFixtureManager.php(142): CakeTestFixture->__construct()
#17 D:\_portal\experimental\habtm_test_schema\lib\Cake\TestSuite\Fixture\CakeFixtureManager.php(78): CakeFixtureManager->_loadFixtures(Array)
#18 D:\_portal\experimental\habtm_test_schema\lib\Cake\TestSuite\CakeTestRunner.php(52): CakeFixtureManager->fixturize(Object(PostTestCase))
#19 D:\_portal\experimental\habtm_test_schema\lib\Cake\TestSuite\CakeTestSuiteCommand.php(111): CakeTestRunner->doRun(Object(PHPUnit_Framework_TestSuite), Array)
#20 D:\_portal\experimental\habtm_test_schema\lib\Cake\TestSuite\CakeTestSuiteDispatcher.php(252): CakeTestSuiteCommand->run(Array)
#21 D:\_portal\experimental\habtm_test_schema\lib\Cake\TestSuite\CakeTestSuiteDispatcher.php(99): CakeTestSuiteDispatcher->_runTestCase()
#22 D:\_portal\experimental\habtm_test_schema\lib\Cake\TestSuite\CakeTestSuiteDispatcher.php(116): CakeTestSuiteDispatcher->dispatch()
#23 D:\_portal\experimental\habtm_test_schema\app\webroot\test.php(92): CakeTestSuiteDispatcher::run()
#24 {main}
2012-06-13 14:58:47 Error: [MissingTableException] Table tags for model Tag was not found in datasource test.
#0 D:\_portal\experimental\habtm_test_schema\lib\Cake\Model\Model.php(3443): Model->setSource('tags')
#1 D:\_portal\experimental\habtm_test_schema\lib\Cake\Model\Model.php(1292): Model->getDataSource()
#2 D:\_portal\experimental\habtm_test_schema\app\Model\Behavior\ProblematicBehavior.php(6): Model->schema()
#3 D:\_portal\experimental\habtm_test_schema\lib\Cake\Model\BehaviorCollection.php(148): ProblematicBehavior->setup(Object(Tag), Array)
#4 D:\_portal\experimental\habtm_test_schema\lib\Cake\Model\BehaviorCollection.php(68): BehaviorCollection->load('Problematic', Array)
#5 D:\_portal\experimental\habtm_test_schema\lib\Cake\Model\Model.php(725): BehaviorCollection->init('Tag', Array)
#6 [internal function]: Model->__construct(Array)
#7 D:\_portal\experimental\habtm_test_schema\lib\Cake\Utility\ClassRegistry.php(156): ReflectionClass->newInstance(Array)
#8 D:\_portal\experimental\habtm_test_schema\lib\Cake\Model\Model.php(1007): ClassRegistry::init(Array)
#9 D:\_portal\experimental\habtm_test_schema\lib\Cake\Model\Model.php(833): Model->_constructLinkedModel('Tag', 'Tag', NULL)
#10 D:\_portal\experimental\habtm_test_schema\lib\Cake\Model\Model.php(863): Model->__isset('Tag')
#11 D:\_portal\experimental\habtm_test_schema\lib\Cake\Model\Model.php(1052): Model->__get('Tag')
#12 D:\_portal\experimental\habtm_test_schema\lib\Cake\Model\Model.php(978): Model->_generateAssociation('hasAndBelongsTo...', 'Tag')
#13 D:\_portal\experimental\habtm_test_schema\lib\Cake\Model\Model.php(724): Model->_createLinks()
#14 D:\_portal\experimental\habtm_test_schema\lib\Cake\TestSuite\Fixture\CakeTestFixture.php(105): Model->__construct(NULL, NULL, 'default')
#15 D:\_portal\experimental\habtm_test_schema\lib\Cake\TestSuite\Fixture\CakeTestFixture.php(82): CakeTestFixture->init()
#16 D:\_portal\experimental\habtm_test_schema\lib\Cake\TestSuite\Fixture\CakeFixtureManager.php(142): CakeTestFixture->__construct()
#17 D:\_portal\experimental\habtm_test_schema\lib\Cake\TestSuite\Fixture\CakeFixtureManager.php(78): CakeFixtureManager->_loadFixtures(Array)
#18 D:\_portal\experimental\habtm_test_schema\lib\Cake\TestSuite\CakeTestRunner.php(52): CakeFixtureManager->fixturize(Object(PostTestCase))
#19 D:\_portal\experimental\habtm_test_schema\lib\Cake\TestSuite\CakeTestSuiteCommand.php(111): CakeTestRunner->doRun(Object(PHPUnit_Framework_TestSuite), Array)
#20 D:\_portal\experimental\habtm_test_schema\lib\Cake\TestSuite\CakeTestSuiteDispatcher.php(252): CakeTestSuiteCommand->run(Array)
#21 D:\_portal\experimental\habtm_test_schema\lib\Cake\TestSuite\CakeTestSuiteDispatcher.php(99): CakeTestSuiteDispatcher->_runTestCase()
#22 D:\_portal\experimental\habtm_test_schema\lib\Cake\TestSuite\CakeTestSuiteDispatcher.php(116): CakeTestSuiteDispatcher->dispatch()
#23 D:\_portal\experimental\habtm_test_schema\app\webroot\test.php(92): CakeTestSuiteDispatcher::run()
#24 {main}
2012-06-13 14:58:56 Error: [MissingTableException] Table tags for model Tag was not found in datasource test.
#0 D:\_portal\experimental\habtm_test_schema\lib\Cake\Model\Model.php(3443): Model->setSource('tags')
#1 D:\_portal\experimental\habtm_test_schema\lib\Cake\Model\Model.php(1292): Model->getDataSource()
#2 D:\_portal\experimental\habtm_test_schema\app\Model\Behavior\ProblematicBehavior.php(6): Model->schema()
#3 D:\_portal\experimental\habtm_test_schema\lib\Cake\Model\BehaviorCollection.php(148): ProblematicBehavior->setup(Object(Tag), Array)
#4 D:\_portal\experimental\habtm_test_schema\lib\Cake\Model\BehaviorCollection.php(68): BehaviorCollection->load('Problematic', Array)
#5 D:\_portal\experimental\habtm_test_schema\lib\Cake\Model\Model.php(725): BehaviorCollection->init('Tag', Array)
#6 [internal function]: Model->__construct(Array)
#7 D:\_portal\experimental\habtm_test_schema\lib\Cake\Utility\ClassRegistry.php(156): ReflectionClass->newInstance(Array)
#8 D:\_portal\experimental\habtm_test_schema\lib\Cake\Model\Model.php(1007): ClassRegistry::init(Array)
#9 D:\_portal\experimental\habtm_test_schema\lib\Cake\Model\Model.php(833): Model->_constructLinkedModel('Tag', 'Tag', NULL)
#10 D:\_portal\experimental\habtm_test_schema\lib\Cake\Model\Model.php(863): Model->__isset('Tag')
#11 D:\_portal\experimental\habtm_test_schema\lib\Cake\Model\Model.php(1052): Model->__get('Tag')
#12 D:\_portal\experimental\habtm_test_schema\lib\Cake\Model\Model.php(978): Model->_generateAssociation('hasAndBelongsTo...', 'Tag')
#13 D:\_portal\experimental\habtm_test_schema\lib\Cake\Model\Model.php(724): Model->_createLinks()
#14 D:\_portal\experimental\habtm_test_schema\lib\Cake\TestSuite\Fixture\CakeTestFixture.php(105): Model->__construct(NULL, NULL, 'default')
#15 D:\_portal\experimental\habtm_test_schema\lib\Cake\TestSuite\Fixture\CakeTestFixture.php(82): CakeTestFixture->init()
#16 D:\_portal\experimental\habtm_test_schema\lib\Cake\TestSuite\Fixture\CakeFixtureManager.php(142): CakeTestFixture->__construct()
#17 D:\_portal\experimental\habtm_test_schema\lib\Cake\TestSuite\Fixture\CakeFixtureManager.php(78): CakeFixtureManager->_loadFixtures(Array)
#18 D:\_portal\experimental\habtm_test_schema\lib\Cake\TestSuite\CakeTestRunner.php(52): CakeFixtureManager->fixturize(Object(PostTestCase))
#19 D:\_portal\experimental\habtm_test_schema\lib\Cake\TestSuite\CakeTestSuiteCommand.php(111): CakeTestRunner->doRun(Object(PHPUnit_Framework_TestSuite), Array)
#20 D:\_portal\experimental\habtm_test_schema\lib\Cake\TestSuite\CakeTestSuiteDispatcher.php(252): CakeTestSuiteCommand->run(Array)
#21 D:\_portal\experimental\habtm_test_schema\lib\Cake\TestSuite\CakeTestSuiteDispatcher.php(99): CakeTestSuiteDispatcher->_runTestCase()
#22 D:\_portal\experimental\habtm_test_schema\lib\Cake\TestSuite\CakeTestSuiteDispatcher.php(116): CakeTestSuiteDispatcher->dispatch()
#23 D:\_portal\experimental\habtm_test_schema\app\webroot\test.php(92): CakeTestSuiteDispatcher::run()
#24 {main}
2012-06-13 14:59:09 Error: [MissingTableException] Table tags for model Tag was not found in datasource test.
#0 D:\_portal\experimental\habtm_test_schema\lib\Cake\Model\Model.php(3443): Model->setSource('tags')
#1 D:\_portal\experimental\habtm_test_schema\lib\Cake\Model\Model.php(1292): Model->getDataSource()
#2 D:\_portal\experimental\habtm_test_schema\app\Model\Behavior\ProblematicBehavior.php(6): Model->schema()
#3 D:\_portal\experimental\habtm_test_schema\lib\Cake\Model\BehaviorCollection.php(148): ProblematicBehavior->setup(Object(Tag), Array)
#4 D:\_portal\experimental\habtm_test_schema\lib\Cake\Model\BehaviorCollection.php(68): BehaviorCollection->load('Problematic', Array)
#5 D:\_portal\experimental\habtm_test_schema\lib\Cake\Model\Model.php(725): BehaviorCollection->init('Tag', Array)
#6 [internal function]: Model->__construct(Array)
#7 D:\_portal\experimental\habtm_test_schema\lib\Cake\Utility\ClassRegistry.php(156): ReflectionClass->newInstance(Array)
#8 D:\_portal\experimental\habtm_test_schema\lib\Cake\Model\Model.php(1007): ClassRegistry::init(Array)
#9 D:\_portal\experimental\habtm_test_schema\lib\Cake\Model\Model.php(833): Model->_constructLinkedModel('Tag', 'Tag', NULL)
#10 D:\_portal\experimental\habtm_test_schema\lib\Cake\Model\Model.php(863): Model->__isset('Tag')
#11 D:\_portal\experimental\habtm_test_schema\lib\Cake\Model\Model.php(1052): Model->__get('Tag')
#12 D:\_portal\experimental\habtm_test_schema\lib\Cake\Model\Model.php(978): Model->_generateAssociation('hasAndBelongsTo...', 'Tag')
#13 D:\_portal\experimental\habtm_test_schema\lib\Cake\Model\Model.php(724): Model->_createLinks()
#14 D:\_portal\experimental\habtm_test_schema\lib\Cake\TestSuite\Fixture\CakeTestFixture.php(105): Model->__construct(NULL, NULL, 'default')
#15 D:\_portal\experimental\habtm_test_schema\lib\Cake\TestSuite\Fixture\CakeTestFixture.php(82): CakeTestFixture->init()
#16 D:\_portal\experimental\habtm_test_schema\lib\Cake\TestSuite\Fixture\CakeFixtureManager.php(142): CakeTestFixture->__construct()
#17 D:\_portal\experimental\habtm_test_schema\lib\Cake\TestSuite\Fixture\CakeFixtureManager.php(78): CakeFixtureManager->_loadFixtures(Array)
#18 D:\_portal\experimental\habtm_test_schema\lib\Cake\TestSuite\CakeTestRunner.php(52): CakeFixtureManager->fixturize(Object(PostTestCase))
#19 D:\_portal\experimental\habtm_test_schema\lib\Cake\TestSuite\CakeTestSuiteCommand.php(111): CakeTestRunner->doRun(Object(PHPUnit_Framework_TestSuite), Array)
#20 D:\_portal\experimental\habtm_test_schema\lib\Cake\TestSuite\CakeTestSuiteDispatcher.php(252): CakeTestSuiteCommand->run(Array)
#21 D:\_portal\experimental\habtm_test_schema\lib\Cake\TestSuite\CakeTestSuiteDispatcher.php(99): CakeTestSuiteDispatcher->_runTestCase()
#22 D:\_portal\experimental\habtm_test_schema\lib\Cake\TestSuite\CakeTestSuiteDispatcher.php(116): CakeTestSuiteDispatcher->dispatch()
#23 D:\_portal\experimental\habtm_test_schema\app\webroot\test.php(92): CakeTestSuiteDispatcher::run()
#24 {main}
2012-06-13 14:59:20 Error: [MissingModelException] Model PostsTag could not be found.
#0 D:\_portal\experimental\habtm_test_schema\lib\Cake\TestSuite\Fixture\CakeTestFixture.php(82): CakeTestFixture->init()
#1 D:\_portal\experimental\habtm_test_schema\lib\Cake\TestSuite\Fixture\CakeFixtureManager.php(142): CakeTestFixture->__construct()
#2 D:\_portal\experimental\habtm_test_schema\lib\Cake\TestSuite\Fixture\CakeFixtureManager.php(78): CakeFixtureManager->_loadFixtures(Array)
#3 D:\_portal\experimental\habtm_test_schema\lib\Cake\TestSuite\CakeTestRunner.php(52): CakeFixtureManager->fixturize(Object(PostTestCase))
#4 D:\_portal\experimental\habtm_test_schema\lib\Cake\TestSuite\CakeTestSuiteCommand.php(111): CakeTestRunner->doRun(Object(PHPUnit_Framework_TestSuite), Array)
#5 D:\_portal\experimental\habtm_test_schema\lib\Cake\TestSuite\CakeTestSuiteDispatcher.php(252): CakeTestSuiteCommand->run(Array)
#6 D:\_portal\experimental\habtm_test_schema\lib\Cake\TestSuite\CakeTestSuiteDispatcher.php(99): CakeTestSuiteDispatcher->_runTestCase()
#7 D:\_portal\experimental\habtm_test_schema\lib\Cake\TestSuite\CakeTestSuiteDispatcher.php(116): CakeTestSuiteDispatcher->dispatch()
#8 D:\_portal\experimental\habtm_test_schema\app\webroot\test.php(92): CakeTestSuiteDispatcher::run()
#9 {main}
2012-06-13 14:59:28 Error: [MissingModelException] Model PostsTag could not be found.
#0 D:\_portal\experimental\habtm_test_schema\lib\Cake\TestSuite\Fixture\CakeTestFixture.php(82): CakeTestFixture->init()
#1 D:\_portal\experimental\habtm_test_schema\lib\Cake\TestSuite\Fixture\CakeFixtureManager.php(142): CakeTestFixture->__construct()
#2 D:\_portal\experimental\habtm_test_schema\lib\Cake\TestSuite\Fixture\CakeFixtureManager.php(78): CakeFixtureManager->_loadFixtures(Array)
#3 D:\_portal\experimental\habtm_test_schema\lib\Cake\TestSuite\CakeTestRunner.php(52): CakeFixtureManager->fixturize(Object(PostTestCase))
#4 D:\_portal\experimental\habtm_test_schema\lib\Cake\TestSuite\CakeTestSuiteCommand.php(111): CakeTestRunner->doRun(Object(PHPUnit_Framework_TestSuite), Array)
#5 D:\_portal\experimental\habtm_test_schema\lib\Cake\TestSuite\CakeTestSuiteDispatcher.php(252): CakeTestSuiteCommand->run(Array)
#6 D:\_portal\experimental\habtm_test_schema\lib\Cake\TestSuite\CakeTestSuiteDispatcher.php(99): CakeTestSuiteDispatcher->_runTestCase()
#7 D:\_portal\experimental\habtm_test_schema\lib\Cake\TestSuite\CakeTestSuiteDispatcher.php(116): CakeTestSuiteDispatcher->dispatch()
#8 D:\_portal\experimental\habtm_test_schema\app\webroot\test.php(92): CakeTestSuiteDispatcher::run()
#9 {main}
2012-06-13 14:59:42 Error: [MissingModelException] Model PostsTag could not be found.
#0 D:\_portal\experimental\habtm_test_schema\lib\Cake\TestSuite\Fixture\CakeTestFixture.php(82): CakeTestFixture->init()
#1 D:\_portal\experimental\habtm_test_schema\lib\Cake\TestSuite\Fixture\CakeFixtureManager.php(142): CakeTestFixture->__construct()
#2 D:\_portal\experimental\habtm_test_schema\lib\Cake\TestSuite\Fixture\CakeFixtureManager.php(78): CakeFixtureManager->_loadFixtures(Array)
#3 D:\_portal\experimental\habtm_test_schema\lib\Cake\TestSuite\CakeTestRunner.php(52): CakeFixtureManager->fixturize(Object(PostTestCase))
#4 D:\_portal\experimental\habtm_test_schema\lib\Cake\TestSuite\CakeTestSuiteCommand.php(111): CakeTestRunner->doRun(Object(PHPUnit_Framework_TestSuite), Array)
#5 D:\_portal\experimental\habtm_test_schema\lib\Cake\TestSuite\CakeTestSuiteDispatcher.php(252): CakeTestSuiteCommand->run(Array)
#6 D:\_portal\experimental\habtm_test_schema\lib\Cake\TestSuite\CakeTestSuiteDispatcher.php(99): CakeTestSuiteDispatcher->_runTestCase()
#7 D:\_portal\experimental\habtm_test_schema\lib\Cake\TestSuite\CakeTestSuiteDispatcher.php(116): CakeTestSuiteDispatcher->dispatch()
#8 D:\_portal\experimental\habtm_test_schema\app\webroot\test.php(92): CakeTestSuiteDispatcher::run()
#9 {main}
2012-06-13 15:01:38 Error: [MissingTableException] Table tags for model Tag was not found in datasource test.
#0 D:\_portal\experimental\habtm_test_schema\lib\Cake\Model\Model.php(3443): Model->setSource('tags')
#1 D:\_portal\experimental\habtm_test_schema\lib\Cake\Model\Model.php(1292): Model->getDataSource()
#2 D:\_portal\experimental\habtm_test_schema\app\Model\Behavior\ProblematicBehavior.php(6): Model->schema()
#3 D:\_portal\experimental\habtm_test_schema\lib\Cake\Model\BehaviorCollection.php(148): ProblematicBehavior->setup(Object(Tag), Array)
#4 D:\_portal\experimental\habtm_test_schema\lib\Cake\Model\BehaviorCollection.php(68): BehaviorCollection->load('Problematic', Array)
#5 D:\_portal\experimental\habtm_test_schema\lib\Cake\Model\Model.php(725): BehaviorCollection->init('Tag', Array)
#6 [internal function]: Model->__construct(Array)
#7 D:\_portal\experimental\habtm_test_schema\lib\Cake\Utility\ClassRegistry.php(156): ReflectionClass->newInstance(Array)
#8 D:\_portal\experimental\habtm_test_schema\lib\Cake\Model\Model.php(1007): ClassRegistry::init(Array)
#9 D:\_portal\experimental\habtm_test_schema\lib\Cake\Model\Model.php(833): Model->_constructLinkedModel('Tag', 'Tag', NULL)
#10 D:\_portal\experimental\habtm_test_schema\lib\Cake\Model\Model.php(863): Model->__isset('Tag')
#11 D:\_portal\experimental\habtm_test_schema\lib\Cake\Model\Model.php(1052): Model->__get('Tag')
#12 D:\_portal\experimental\habtm_test_schema\lib\Cake\Model\Model.php(978): Model->_generateAssociation('hasAndBelongsTo...', 'Tag')
#13 D:\_portal\experimental\habtm_test_schema\lib\Cake\Model\Model.php(724): Model->_createLinks()
#14 D:\_portal\experimental\habtm_test_schema\lib\Cake\TestSuite\Fixture\CakeTestFixture.php(105): Model->__construct(NULL, NULL, 'default')
#15 D:\_portal\experimental\habtm_test_schema\lib\Cake\TestSuite\Fixture\CakeTestFixture.php(82): CakeTestFixture->init()
#16 D:\_portal\experimental\habtm_test_schema\lib\Cake\TestSuite\Fixture\CakeFixtureManager.php(142): CakeTestFixture->__construct()
#17 D:\_portal\experimental\habtm_test_schema\lib\Cake\TestSuite\Fixture\CakeFixtureManager.php(78): CakeFixtureManager->_loadFixtures(Array)
#18 D:\_portal\experimental\habtm_test_schema\lib\Cake\TestSuite\CakeTestRunner.php(52): CakeFixtureManager->fixturize(Object(PostTestCase))
#19 D:\_portal\experimental\habtm_test_schema\lib\Cake\TestSuite\CakeTestSuiteCommand.php(111): CakeTestRunner->doRun(Object(PHPUnit_Framework_TestSuite), Array)
#20 D:\_portal\experimental\habtm_test_schema\lib\Cake\TestSuite\CakeTestSuiteDispatcher.php(252): CakeTestSuiteCommand->run(Array)
#21 D:\_portal\experimental\habtm_test_schema\lib\Cake\TestSuite\CakeTestSuiteDispatcher.php(99): CakeTestSuiteDispatcher->_runTestCase()
#22 D:\_portal\experimental\habtm_test_schema\lib\Cake\TestSuite\CakeTestSuiteDispatcher.php(116): CakeTestSuiteDispatcher->dispatch()
#23 D:\_portal\experimental\habtm_test_schema\app\webroot\test.php(92): CakeTestSuiteDispatcher::run()
#24 {main}
2012-06-13 15:04:01 Error: [MissingTableException] Table tags for model Tag was not found in datasource test.
#0 D:\_portal\experimental\habtm_test_schema\lib\Cake\Model\Model.php(3443): Model->setSource('tags')
#1 D:\_portal\experimental\habtm_test_schema\lib\Cake\Model\Model.php(1292): Model->getDataSource()
#2 D:\_portal\experimental\habtm_test_schema\app\Model\Behavior\ProblematicBehavior.php(6): Model->schema()
#3 D:\_portal\experimental\habtm_test_schema\lib\Cake\Model\BehaviorCollection.php(148): ProblematicBehavior->setup(Object(Tag), Array)
#4 D:\_portal\experimental\habtm_test_schema\lib\Cake\Model\BehaviorCollection.php(68): BehaviorCollection->load('Problematic', Array)
#5 D:\_portal\experimental\habtm_test_schema\lib\Cake\Model\Model.php(725): BehaviorCollection->init('Tag', Array)
#6 [internal function]: Model->__construct(Array)
#7 D:\_portal\experimental\habtm_test_schema\lib\Cake\Utility\ClassRegistry.php(156): ReflectionClass->newInstance(Array)
#8 D:\_portal\experimental\habtm_test_schema\lib\Cake\Model\Model.php(1007): ClassRegistry::init(Array)
#9 D:\_portal\experimental\habtm_test_schema\lib\Cake\Model\Model.php(833): Model->_constructLinkedModel('Tag', 'Tag', NULL)
#10 D:\_portal\experimental\habtm_test_schema\lib\Cake\Model\Model.php(863): Model->__isset('Tag')
#11 D:\_portal\experimental\habtm_test_schema\lib\Cake\Model\Model.php(1052): Model->__get('Tag')
#12 D:\_portal\experimental\habtm_test_schema\lib\Cake\Model\Model.php(978): Model->_generateAssociation('hasAndBelongsTo...', 'Tag')
#13 D:\_portal\experimental\habtm_test_schema\lib\Cake\Model\Model.php(724): Model->_createLinks()
#14 D:\_portal\experimental\habtm_test_schema\lib\Cake\TestSuite\Fixture\CakeTestFixture.php(105): Model->__construct(NULL, NULL, 'default')
#15 D:\_portal\experimental\habtm_test_schema\lib\Cake\TestSuite\Fixture\CakeTestFixture.php(82): CakeTestFixture->init()
#16 D:\_portal\experimental\habtm_test_schema\lib\Cake\TestSuite\Fixture\CakeFixtureManager.php(142): CakeTestFixture->__construct()
#17 D:\_portal\experimental\habtm_test_schema\lib\Cake\TestSuite\Fixture\CakeFixtureManager.php(78): CakeFixtureManager->_loadFixtures(Array)
#18 D:\_portal\experimental\habtm_test_schema\lib\Cake\TestSuite\CakeTestRunner.php(52): CakeFixtureManager->fixturize(Object(PostTestCase))
#19 D:\_portal\experimental\habtm_test_schema\lib\Cake\TestSuite\CakeTestSuiteCommand.php(111): CakeTestRunner->doRun(Object(PHPUnit_Framework_TestSuite), Array)
#20 D:\_portal\experimental\habtm_test_schema\lib\Cake\TestSuite\CakeTestSuiteDispatcher.php(252): CakeTestSuiteCommand->run(Array)
#21 D:\_portal\experimental\habtm_test_schema\lib\Cake\TestSuite\CakeTestSuiteDispatcher.php(99): CakeTestSuiteDispatcher->_runTestCase()
#22 D:\_portal\experimental\habtm_test_schema\lib\Cake\TestSuite\CakeTestSuiteDispatcher.php(116): CakeTestSuiteDispatcher->dispatch()
#23 D:\_portal\experimental\habtm_test_schema\app\webroot\test.php(92): CakeTestSuiteDispatcher::run()
#24 {main}
2012-06-13 15:04:02 Error: [MissingTableException] Table tags for model Tag was not found in datasource test.
#0 D:\_portal\experimental\habtm_test_schema\lib\Cake\Model\Model.php(3443): Model->setSource('tags')
#1 D:\_portal\experimental\habtm_test_schema\lib\Cake\Model\Model.php(1292): Model->getDataSource()
#2 D:\_portal\experimental\habtm_test_schema\app\Model\Behavior\ProblematicBehavior.php(6): Model->schema()
#3 D:\_portal\experimental\habtm_test_schema\lib\Cake\Model\BehaviorCollection.php(148): ProblematicBehavior->setup(Object(Tag), Array)
#4 D:\_portal\experimental\habtm_test_schema\lib\Cake\Model\BehaviorCollection.php(68): BehaviorCollection->load('Problematic', Array)
#5 D:\_portal\experimental\habtm_test_schema\lib\Cake\Model\Model.php(725): BehaviorCollection->init('Tag', Array)
#6 [internal function]: Model->__construct(Array)
#7 D:\_portal\experimental\habtm_test_schema\lib\Cake\Utility\ClassRegistry.php(156): ReflectionClass->newInstance(Array)
#8 D:\_portal\experimental\habtm_test_schema\lib\Cake\Model\Model.php(1007): ClassRegistry::init(Array)
#9 D:\_portal\experimental\habtm_test_schema\lib\Cake\Model\Model.php(833): Model->_constructLinkedModel('Tag', 'Tag', NULL)
#10 D:\_portal\experimental\habtm_test_schema\lib\Cake\Model\Model.php(863): Model->__isset('Tag')
#11 D:\_portal\experimental\habtm_test_schema\lib\Cake\Model\Model.php(1052): Model->__get('Tag')
#12 D:\_portal\experimental\habtm_test_schema\lib\Cake\Model\Model.php(978): Model->_generateAssociation('hasAndBelongsTo...', 'Tag')
#13 D:\_portal\experimental\habtm_test_schema\lib\Cake\Model\Model.php(724): Model->_createLinks()
#14 D:\_portal\experimental\habtm_test_schema\lib\Cake\TestSuite\Fixture\CakeTestFixture.php(105): Model->__construct(NULL, NULL, 'default')
#15 D:\_portal\experimental\habtm_test_schema\lib\Cake\TestSuite\Fixture\CakeTestFixture.php(82): CakeTestFixture->init()
#16 D:\_portal\experimental\habtm_test_schema\lib\Cake\TestSuite\Fixture\CakeFixtureManager.php(142): CakeTestFixture->__construct()
#17 D:\_portal\experimental\habtm_test_schema\lib\Cake\TestSuite\Fixture\CakeFixtureManager.php(78): CakeFixtureManager->_loadFixtures(Array)
#18 D:\_portal\experimental\habtm_test_schema\lib\Cake\TestSuite\CakeTestRunner.php(52): CakeFixtureManager->fixturize(Object(PostTestCase))
#19 D:\_portal\experimental\habtm_test_schema\lib\Cake\TestSuite\CakeTestSuiteCommand.php(111): CakeTestRunner->doRun(Object(PHPUnit_Framework_TestSuite), Array)
#20 D:\_portal\experimental\habtm_test_schema\lib\Cake\TestSuite\CakeTestSuiteDispatcher.php(252): CakeTestSuiteCommand->run(Array)
#21 D:\_portal\experimental\habtm_test_schema\lib\Cake\TestSuite\CakeTestSuiteDispatcher.php(99): CakeTestSuiteDispatcher->_runTestCase()
#22 D:\_portal\experimental\habtm_test_schema\lib\Cake\TestSuite\CakeTestSuiteDispatcher.php(116): CakeTestSuiteDispatcher->dispatch()
#23 D:\_portal\experimental\habtm_test_schema\app\webroot\test.php(92): CakeTestSuiteDispatcher::run()
#24 {main}
2012-06-13 15:04:04 Error: [MissingTableException] Table tags for model Tag was not found in datasource test.
#0 D:\_portal\experimental\habtm_test_schema\lib\Cake\Model\Model.php(3443): Model->setSource('tags')
#1 D:\_portal\experimental\habtm_test_schema\lib\Cake\Model\Model.php(1292): Model->getDataSource()
#2 D:\_portal\experimental\habtm_test_schema\app\Model\Behavior\ProblematicBehavior.php(6): Model->schema()
#3 D:\_portal\experimental\habtm_test_schema\lib\Cake\Model\BehaviorCollection.php(148): ProblematicBehavior->setup(Object(Tag), Array)
#4 D:\_portal\experimental\habtm_test_schema\lib\Cake\Model\BehaviorCollection.php(68): BehaviorCollection->load('Problematic', Array)
#5 D:\_portal\experimental\habtm_test_schema\lib\Cake\Model\Model.php(725): BehaviorCollection->init('Tag', Array)
#6 [internal function]: Model->__construct(Array)
#7 D:\_portal\experimental\habtm_test_schema\lib\Cake\Utility\ClassRegistry.php(156): ReflectionClass->newInstance(Array)
#8 D:\_portal\experimental\habtm_test_schema\lib\Cake\Model\Model.php(1007): ClassRegistry::init(Array)
#9 D:\_portal\experimental\habtm_test_schema\lib\Cake\Model\Model.php(833): Model->_constructLinkedModel('Tag', 'Tag', NULL)
#10 D:\_portal\experimental\habtm_test_schema\lib\Cake\Model\Model.php(863): Model->__isset('Tag')
#11 D:\_portal\experimental\habtm_test_schema\lib\Cake\Model\Model.php(1052): Model->__get('Tag')
#12 D:\_portal\experimental\habtm_test_schema\lib\Cake\Model\Model.php(978): Model->_generateAssociation('hasAndBelongsTo...', 'Tag')
#13 D:\_portal\experimental\habtm_test_schema\lib\Cake\Model\Model.php(724): Model->_createLinks()
#14 D:\_portal\experimental\habtm_test_schema\lib\Cake\TestSuite\Fixture\CakeTestFixture.php(105): Model->__construct(NULL, NULL, 'default')
#15 D:\_portal\experimental\habtm_test_schema\lib\Cake\TestSuite\Fixture\CakeTestFixture.php(82): CakeTestFixture->init()
#16 D:\_portal\experimental\habtm_test_schema\lib\Cake\TestSuite\Fixture\CakeFixtureManager.php(142): CakeTestFixture->__construct()
#17 D:\_portal\experimental\habtm_test_schema\lib\Cake\TestSuite\Fixture\CakeFixtureManager.php(78): CakeFixtureManager->_loadFixtures(Array)
#18 D:\_portal\experimental\habtm_test_schema\lib\Cake\TestSuite\CakeTestRunner.php(52): CakeFixtureManager->fixturize(Object(TagTestCase))
#19 D:\_portal\experimental\habtm_test_schema\lib\Cake\TestSuite\CakeTestSuiteCommand.php(111): CakeTestRunner->doRun(Object(PHPUnit_Framework_TestSuite), Array)
#20 D:\_portal\experimental\habtm_test_schema\lib\Cake\TestSuite\CakeTestSuiteDispatcher.php(252): CakeTestSuiteCommand->run(Array)
#21 D:\_portal\experimental\habtm_test_schema\lib\Cake\TestSuite\CakeTestSuiteDispatcher.php(99): CakeTestSuiteDispatcher->_runTestCase()
#22 D:\_portal\experimental\habtm_test_schema\lib\Cake\TestSuite\CakeTestSuiteDispatcher.php(116): CakeTestSuiteDispatcher->dispatch()
#23 D:\_portal\experimental\habtm_test_schema\app\webroot\test.php(92): CakeTestSuiteDispatcher::run()
#24 {main}
2012-06-13 15:04:35 Error: [MissingTableException] Table tags for model Tag was not found in datasource test.
#0 D:\_portal\experimental\habtm_test_schema\lib\Cake\Model\Model.php(3443): Model->setSource('tags')
#1 D:\_portal\experimental\habtm_test_schema\lib\Cake\Model\Model.php(1292): Model->getDataSource()
#2 D:\_portal\experimental\habtm_test_schema\app\Model\Behavior\ProblematicBehavior.php(6): Model->schema()
#3 D:\_portal\experimental\habtm_test_schema\lib\Cake\Model\BehaviorCollection.php(148): ProblematicBehavior->setup(Object(Tag), Array)
#4 D:\_portal\experimental\habtm_test_schema\lib\Cake\Model\BehaviorCollection.php(68): BehaviorCollection->load('Problematic', Array)
#5 D:\_portal\experimental\habtm_test_schema\lib\Cake\Model\Model.php(725): BehaviorCollection->init('Tag', Array)
#6 [internal function]: Model->__construct(Array)
#7 D:\_portal\experimental\habtm_test_schema\lib\Cake\Utility\ClassRegistry.php(156): ReflectionClass->newInstance(Array)
#8 D:\_portal\experimental\habtm_test_schema\lib\Cake\Model\Model.php(1007): ClassRegistry::init(Array)
#9 D:\_portal\experimental\habtm_test_schema\lib\Cake\Model\Model.php(833): Model->_constructLinkedModel('Tag', 'Tag', NULL)
#10 D:\_portal\experimental\habtm_test_schema\lib\Cake\Model\Model.php(863): Model->__isset('Tag')
#11 D:\_portal\experimental\habtm_test_schema\lib\Cake\Model\Model.php(1052): Model->__get('Tag')
#12 D:\_portal\experimental\habtm_test_schema\lib\Cake\Model\Model.php(978): Model->_generateAssociation('hasAndBelongsTo...', 'Tag')
#13 D:\_portal\experimental\habtm_test_schema\lib\Cake\Model\Model.php(724): Model->_createLinks()
#14 D:\_portal\experimental\habtm_test_schema\lib\Cake\TestSuite\Fixture\CakeTestFixture.php(105): Model->__construct(NULL, NULL, 'default')
#15 D:\_portal\experimental\habtm_test_schema\lib\Cake\TestSuite\Fixture\CakeTestFixture.php(82): CakeTestFixture->init()
#16 D:\_portal\experimental\habtm_test_schema\lib\Cake\TestSuite\Fixture\CakeFixtureManager.php(142): CakeTestFixture->__construct()
#17 D:\_portal\experimental\habtm_test_schema\lib\Cake\TestSuite\Fixture\CakeFixtureManager.php(78): CakeFixtureManager->_loadFixtures(Array)
#18 D:\_portal\experimental\habtm_test_schema\lib\Cake\TestSuite\CakeTestRunner.php(52): CakeFixtureManager->fixturize(Object(PostTestCase))
#19 D:\_portal\experimental\habtm_test_schema\lib\Cake\TestSuite\CakeTestSuiteCommand.php(111): CakeTestRunner->doRun(Object(PHPUnit_Framework_TestSuite), Array)
#20 D:\_portal\experimental\habtm_test_schema\lib\Cake\TestSuite\CakeTestSuiteDispatcher.php(252): CakeTestSuiteCommand->run(Array)
#21 D:\_portal\experimental\habtm_test_schema\lib\Cake\TestSuite\CakeTestSuiteDispatcher.php(99): CakeTestSuiteDispatcher->_runTestCase()
#22 D:\_portal\experimental\habtm_test_schema\lib\Cake\TestSuite\CakeTestSuiteDispatcher.php(116): CakeTestSuiteDispatcher->dispatch()
#23 D:\_portal\experimental\habtm_test_schema\app\webroot\test.php(92): CakeTestSuiteDispatcher::run()
#24 {main}
2012-06-13 15:04:46 Error: [MissingTableException] Table posts for model Post was not found in datasource test.
#0 D:\_portal\experimental\habtm_test_schema\lib\Cake\Model\Model.php(3443): Model->setSource('posts')
#1 D:\_portal\experimental\habtm_test_schema\lib\Cake\Model\Model.php(1292): Model->getDataSource()
#2 D:\_portal\experimental\habtm_test_schema\app\Model\Behavior\ProblematicBehavior.php(6): Model->schema()
#3 D:\_portal\experimental\habtm_test_schema\lib\Cake\Model\BehaviorCollection.php(148): ProblematicBehavior->setup(Object(Post), Array)
#4 D:\_portal\experimental\habtm_test_schema\lib\Cake\Model\BehaviorCollection.php(68): BehaviorCollection->load('Problematic', Array)
#5 D:\_portal\experimental\habtm_test_schema\lib\Cake\Model\Model.php(725): BehaviorCollection->init('Post', Array)
#6 [internal function]: Model->__construct(Array)
#7 D:\_portal\experimental\habtm_test_schema\lib\Cake\Utility\ClassRegistry.php(156): ReflectionClass->newInstance(Array)
#8 D:\_portal\experimental\habtm_test_schema\lib\Cake\Model\Model.php(1007): ClassRegistry::init(Array)
#9 D:\_portal\experimental\habtm_test_schema\lib\Cake\Model\Model.php(833): Model->_constructLinkedModel('Post', 'Post', NULL)
#10 D:\_portal\experimental\habtm_test_schema\lib\Cake\Model\Model.php(863): Model->__isset('Post')
#11 D:\_portal\experimental\habtm_test_schema\lib\Cake\Model\Model.php(1052): Model->__get('Post')
#12 D:\_portal\experimental\habtm_test_schema\lib\Cake\Model\Model.php(978): Model->_generateAssociation('hasAndBelongsTo...', 'Post')
#13 D:\_portal\experimental\habtm_test_schema\lib\Cake\Model\Model.php(724): Model->_createLinks()
#14 D:\_portal\experimental\habtm_test_schema\lib\Cake\TestSuite\Fixture\CakeTestFixture.php(105): Model->__construct(NULL, NULL, 'default')
#15 D:\_portal\experimental\habtm_test_schema\lib\Cake\TestSuite\Fixture\CakeTestFixture.php(82): CakeTestFixture->init()
#16 D:\_portal\experimental\habtm_test_schema\lib\Cake\TestSuite\Fixture\CakeFixtureManager.php(142): CakeTestFixture->__construct()
#17 D:\_portal\experimental\habtm_test_schema\lib\Cake\TestSuite\Fixture\CakeFixtureManager.php(78): CakeFixtureManager->_loadFixtures(Array)
#18 D:\_portal\experimental\habtm_test_schema\lib\Cake\TestSuite\CakeTestRunner.php(52): CakeFixtureManager->fixturize(Object(TagTestCase))
#19 D:\_portal\experimental\habtm_test_schema\lib\Cake\TestSuite\CakeTestSuiteCommand.php(111): CakeTestRunner->doRun(Object(PHPUnit_Framework_TestSuite), Array)
#20 D:\_portal\experimental\habtm_test_schema\lib\Cake\TestSuite\CakeTestSuiteDispatcher.php(252): CakeTestSuiteCommand->run(Array)
#21 D:\_portal\experimental\habtm_test_schema\lib\Cake\TestSuite\CakeTestSuiteDispatcher.php(99): CakeTestSuiteDispatcher->_runTestCase()
#22 D:\_portal\experimental\habtm_test_schema\lib\Cake\TestSuite\CakeTestSuiteDispatcher.php(116): CakeTestSuiteDispatcher->dispatch()
#23 D:\_portal\experimental\habtm_test_schema\app\webroot\test.php(92): CakeTestSuiteDispatcher::run()
#24 {main}
2012-06-13 15:07:03 Error: [MissingTableException] Table tags for model Tag was not found in datasource test.
#0 D:\_portal\experimental\habtm_test_schema\lib\Cake\Model\Model.php(3443): Model->setSource('tags')
#1 D:\_portal\experimental\habtm_test_schema\lib\Cake\Model\Model.php(1292): Model->getDataSource()
#2 D:\_portal\experimental\habtm_test_schema\app\Model\Behavior\ProblematicBehavior.php(6): Model->schema(true)
#3 D:\_portal\experimental\habtm_test_schema\lib\Cake\Model\BehaviorCollection.php(148): ProblematicBehavior->setup(Object(Tag), Array)
#4 D:\_portal\experimental\habtm_test_schema\lib\Cake\Model\BehaviorCollection.php(68): BehaviorCollection->load('Problematic', Array)
#5 D:\_portal\experimental\habtm_test_schema\lib\Cake\Model\Model.php(725): BehaviorCollection->init('Tag', Array)
#6 [internal function]: Model->__construct(Array)
#7 D:\_portal\experimental\habtm_test_schema\lib\Cake\Utility\ClassRegistry.php(156): ReflectionClass->newInstance(Array)
#8 D:\_portal\experimental\habtm_test_schema\lib\Cake\Model\Model.php(1007): ClassRegistry::init(Array)
#9 D:\_portal\experimental\habtm_test_schema\lib\Cake\Model\Model.php(833): Model->_constructLinkedModel('Tag', 'Tag', NULL)
#10 D:\_portal\experimental\habtm_test_schema\lib\Cake\Model\Model.php(863): Model->__isset('Tag')
#11 D:\_portal\experimental\habtm_test_schema\lib\Cake\Model\Model.php(1052): Model->__get('Tag')
#12 D:\_portal\experimental\habtm_test_schema\lib\Cake\Model\Model.php(978): Model->_generateAssociation('hasAndBelongsTo...', 'Tag')
#13 D:\_portal\experimental\habtm_test_schema\lib\Cake\Model\Model.php(724): Model->_createLinks()
#14 D:\_portal\experimental\habtm_test_schema\lib\Cake\TestSuite\Fixture\CakeTestFixture.php(105): Model->__construct(NULL, NULL, 'default')
#15 D:\_portal\experimental\habtm_test_schema\lib\Cake\TestSuite\Fixture\CakeTestFixture.php(82): CakeTestFixture->init()
#16 D:\_portal\experimental\habtm_test_schema\lib\Cake\TestSuite\Fixture\CakeFixtureManager.php(142): CakeTestFixture->__construct()
#17 D:\_portal\experimental\habtm_test_schema\lib\Cake\TestSuite\Fixture\CakeFixtureManager.php(78): CakeFixtureManager->_loadFixtures(Array)
#18 D:\_portal\experimental\habtm_test_schema\lib\Cake\TestSuite\CakeTestRunner.php(52): CakeFixtureManager->fixturize(Object(PostTestCase))
#19 D:\_portal\experimental\habtm_test_schema\lib\Cake\TestSuite\CakeTestSuiteCommand.php(111): CakeTestRunner->doRun(Object(PHPUnit_Framework_TestSuite), Array)
#20 D:\_portal\experimental\habtm_test_schema\lib\Cake\TestSuite\CakeTestSuiteDispatcher.php(252): CakeTestSuiteCommand->run(Array)
#21 D:\_portal\experimental\habtm_test_schema\lib\Cake\TestSuite\CakeTestSuiteDispatcher.php(99): CakeTestSuiteDispatcher->_runTestCase()
#22 D:\_portal\experimental\habtm_test_schema\lib\Cake\TestSuite\CakeTestSuiteDispatcher.php(116): CakeTestSuiteDispatcher->dispatch()
#23 D:\_portal\experimental\habtm_test_schema\app\webroot\test.php(92): CakeTestSuiteDispatcher::run()
#24 {main}
2012-06-13 15:10:34 Error: [MissingTableException] Table tags for model Tag was not found in datasource test.
#0 D:\_portal\experimental\habtm_test_schema\lib\Cake\Model\Model.php(3446): Model->setSource('tags')
#1 D:\_portal\experimental\habtm_test_schema\lib\Cake\Model\Model.php(1292): Model->getDataSource()
#2 D:\_portal\experimental\habtm_test_schema\app\Model\Behavior\ProblematicBehavior.php(6): Model->schema('here!')
#3 D:\_portal\experimental\habtm_test_schema\lib\Cake\Model\BehaviorCollection.php(148): ProblematicBehavior->setup(Object(Tag), Array)
#4 D:\_portal\experimental\habtm_test_schema\lib\Cake\Model\BehaviorCollection.php(68): BehaviorCollection->load('Problematic', Array)
#5 D:\_portal\experimental\habtm_test_schema\lib\Cake\Model\Model.php(725): BehaviorCollection->init('Tag', Array)
#6 [internal function]: Model->__construct(Array)
#7 D:\_portal\experimental\habtm_test_schema\lib\Cake\Utility\ClassRegistry.php(156): ReflectionClass->newInstance(Array)
#8 D:\_portal\experimental\habtm_test_schema\lib\Cake\Model\Model.php(1007): ClassRegistry::init(Array)
#9 D:\_portal\experimental\habtm_test_schema\lib\Cake\Model\Model.php(833): Model->_constructLinkedModel('Tag', 'Tag', NULL)
#10 D:\_portal\experimental\habtm_test_schema\lib\Cake\Model\Model.php(863): Model->__isset('Tag')
#11 D:\_portal\experimental\habtm_test_schema\lib\Cake\Model\Model.php(1052): Model->__get('Tag')
#12 D:\_portal\experimental\habtm_test_schema\lib\Cake\Model\Model.php(978): Model->_generateAssociation('hasAndBelongsTo...', 'Tag')
#13 D:\_portal\experimental\habtm_test_schema\lib\Cake\Model\Model.php(724): Model->_createLinks()
#14 D:\_portal\experimental\habtm_test_schema\lib\Cake\TestSuite\Fixture\CakeTestFixture.php(105): Model->__construct(NULL, NULL, 'default')
#15 D:\_portal\experimental\habtm_test_schema\lib\Cake\TestSuite\Fixture\CakeTestFixture.php(82): CakeTestFixture->init()
#16 D:\_portal\experimental\habtm_test_schema\lib\Cake\TestSuite\Fixture\CakeFixtureManager.php(142): CakeTestFixture->__construct()
#17 D:\_portal\experimental\habtm_test_schema\lib\Cake\TestSuite\Fixture\CakeFixtureManager.php(78): CakeFixtureManager->_loadFixtures(Array)
#18 D:\_portal\experimental\habtm_test_schema\lib\Cake\TestSuite\CakeTestRunner.php(52): CakeFixtureManager->fixturize(Object(PostTestCase))
#19 D:\_portal\experimental\habtm_test_schema\lib\Cake\TestSuite\CakeTestSuiteCommand.php(111): CakeTestRunner->doRun(Object(PHPUnit_Framework_TestSuite), Array)
#20 D:\_portal\experimental\habtm_test_schema\lib\Cake\TestSuite\CakeTestSuiteDispatcher.php(252): CakeTestSuiteCommand->run(Array)
#21 D:\_portal\experimental\habtm_test_schema\lib\Cake\TestSuite\CakeTestSuiteDispatcher.php(99): CakeTestSuiteDispatcher->_runTestCase()
#22 D:\_portal\experimental\habtm_test_schema\lib\Cake\TestSuite\CakeTestSuiteDispatcher.php(116): CakeTestSuiteDispatcher->dispatch()
#23 D:\_portal\experimental\habtm_test_schema\app\webroot\test.php(92): CakeTestSuiteDispatcher::run()
#24 {main}
2012-06-13 15:10:49 Error: [MissingTableException] Table tags for model Tag was not found in datasource test.
#0 D:\_portal\experimental\habtm_test_schema\lib\Cake\Model\Model.php(3446): Model->setSource('tags')
#1 D:\_portal\experimental\habtm_test_schema\lib\Cake\Model\Model.php(1295): Model->getDataSource()
#2 D:\_portal\experimental\habtm_test_schema\app\Model\Behavior\ProblematicBehavior.php(6): Model->schema('here!')
#3 D:\_portal\experimental\habtm_test_schema\lib\Cake\Model\BehaviorCollection.php(148): ProblematicBehavior->setup(Object(Tag), Array)
#4 D:\_portal\experimental\habtm_test_schema\lib\Cake\Model\BehaviorCollection.php(68): BehaviorCollection->load('Problematic', Array)
#5 D:\_portal\experimental\habtm_test_schema\lib\Cake\Model\Model.php(725): BehaviorCollection->init('Tag', Array)
#6 [internal function]: Model->__construct(Array)
#7 D:\_portal\experimental\habtm_test_schema\lib\Cake\Utility\ClassRegistry.php(156): ReflectionClass->newInstance(Array)
#8 D:\_portal\experimental\habtm_test_schema\lib\Cake\Model\Model.php(1007): ClassRegistry::init(Array)
#9 D:\_portal\experimental\habtm_test_schema\lib\Cake\Model\Model.php(833): Model->_constructLinkedModel('Tag', 'Tag', NULL)
#10 D:\_portal\experimental\habtm_test_schema\lib\Cake\Model\Model.php(863): Model->__isset('Tag')
#11 D:\_portal\experimental\habtm_test_schema\lib\Cake\Model\Model.php(1052): Model->__get('Tag')
#12 D:\_portal\experimental\habtm_test_schema\lib\Cake\Model\Model.php(978): Model->_generateAssociation('hasAndBelongsTo...', 'Tag')
#13 D:\_portal\experimental\habtm_test_schema\lib\Cake\Model\Model.php(724): Model->_createLinks()
#14 D:\_portal\experimental\habtm_test_schema\lib\Cake\TestSuite\Fixture\CakeTestFixture.php(105): Model->__construct(NULL, NULL, 'default')
#15 D:\_portal\experimental\habtm_test_schema\lib\Cake\TestSuite\Fixture\CakeTestFixture.php(82): CakeTestFixture->init()
#16 D:\_portal\experimental\habtm_test_schema\lib\Cake\TestSuite\Fixture\CakeFixtureManager.php(142): CakeTestFixture->__construct()
#17 D:\_portal\experimental\habtm_test_schema\lib\Cake\TestSuite\Fixture\CakeFixtureManager.php(78): CakeFixtureManager->_loadFixtures(Array)
#18 D:\_portal\experimental\habtm_test_schema\lib\Cake\TestSuite\CakeTestRunner.php(52): CakeFixtureManager->fixturize(Object(PostTestCase))
#19 D:\_portal\experimental\habtm_test_schema\lib\Cake\TestSuite\CakeTestSuiteCommand.php(111): CakeTestRunner->doRun(Object(PHPUnit_Framework_TestSuite), Array)
#20 D:\_portal\experimental\habtm_test_schema\lib\Cake\TestSuite\CakeTestSuiteDispatcher.php(252): CakeTestSuiteCommand->run(Array)
#21 D:\_portal\experimental\habtm_test_schema\lib\Cake\TestSuite\CakeTestSuiteDispatcher.php(99): CakeTestSuiteDispatcher->_runTestCase()
#22 D:\_portal\experimental\habtm_test_schema\lib\Cake\TestSuite\CakeTestSuiteDispatcher.php(116): CakeTestSuiteDispatcher->dispatch()
#23 D:\_portal\experimental\habtm_test_schema\app\webroot\test.php(92): CakeTestSuiteDispatcher::run()
#24 {main}
2012-06-13 15:11:01 Error: [MissingTableException] Table tags for model Tag was not found in datasource test.
#0 D:\_portal\experimental\habtm_test_schema\lib\Cake\Model\Model.php(3447): Model->setSource('tags')
#1 D:\_portal\experimental\habtm_test_schema\lib\Cake\Model\Model.php(1292): Model->getDataSource()
#2 D:\_portal\experimental\habtm_test_schema\app\Model\Behavior\ProblematicBehavior.php(6): Model->schema('here!')
#3 D:\_portal\experimental\habtm_test_schema\lib\Cake\Model\BehaviorCollection.php(148): ProblematicBehavior->setup(Object(Tag), Array)
#4 D:\_portal\experimental\habtm_test_schema\lib\Cake\Model\BehaviorCollection.php(68): BehaviorCollection->load('Problematic', Array)
#5 D:\_portal\experimental\habtm_test_schema\lib\Cake\Model\Model.php(725): BehaviorCollection->init('Tag', Array)
#6 [internal function]: Model->__construct(Array)
#7 D:\_portal\experimental\habtm_test_schema\lib\Cake\Utility\ClassRegistry.php(156): ReflectionClass->newInstance(Array)
#8 D:\_portal\experimental\habtm_test_schema\lib\Cake\Model\Model.php(1007): ClassRegistry::init(Array)
#9 D:\_portal\experimental\habtm_test_schema\lib\Cake\Model\Model.php(833): Model->_constructLinkedModel('Tag', 'Tag', NULL)
#10 D:\_portal\experimental\habtm_test_schema\lib\Cake\Model\Model.php(863): Model->__isset('Tag')
#11 D:\_portal\experimental\habtm_test_schema\lib\Cake\Model\Model.php(1052): Model->__get('Tag')
#12 D:\_portal\experimental\habtm_test_schema\lib\Cake\Model\Model.php(978): Model->_generateAssociation('hasAndBelongsTo...', 'Tag')
#13 D:\_portal\experimental\habtm_test_schema\lib\Cake\Model\Model.php(724): Model->_createLinks()
#14 D:\_portal\experimental\habtm_test_schema\lib\Cake\TestSuite\Fixture\CakeTestFixture.php(105): Model->__construct(NULL, NULL, 'default')
#15 D:\_portal\experimental\habtm_test_schema\lib\Cake\TestSuite\Fixture\CakeTestFixture.php(82): CakeTestFixture->init()
#16 D:\_portal\experimental\habtm_test_schema\lib\Cake\TestSuite\Fixture\CakeFixtureManager.php(142): CakeTestFixture->__construct()
#17 D:\_portal\experimental\habtm_test_schema\lib\Cake\TestSuite\Fixture\CakeFixtureManager.php(78): CakeFixtureManager->_loadFixtures(Array)
#18 D:\_portal\experimental\habtm_test_schema\lib\Cake\TestSuite\CakeTestRunner.php(52): CakeFixtureManager->fixturize(Object(PostTestCase))
#19 D:\_portal\experimental\habtm_test_schema\lib\Cake\TestSuite\CakeTestSuiteCommand.php(111): CakeTestRunner->doRun(Object(PHPUnit_Framework_TestSuite), Array)
#20 D:\_portal\experimental\habtm_test_schema\lib\Cake\TestSuite\CakeTestSuiteDispatcher.php(252): CakeTestSuiteCommand->run(Array)
#21 D:\_portal\experimental\habtm_test_schema\lib\Cake\TestSuite\CakeTestSuiteDispatcher.php(99): CakeTestSuiteDispatcher->_runTestCase()
#22 D:\_portal\experimental\habtm_test_schema\lib\Cake\TestSuite\CakeTestSuiteDispatcher.php(116): CakeTestSuiteDispatcher->dispatch()
#23 D:\_portal\experimental\habtm_test_schema\app\webroot\test.php(92): CakeTestSuiteDispatcher::run()
#24 {main}
2012-06-13 15:11:46 Error: [MissingTableException] Table tags for model Tag was not found in datasource test.
#0 D:\_portal\experimental\habtm_test_schema\lib\Cake\Model\Model.php(3447): Model->setSource('tags')
#1 D:\_portal\experimental\habtm_test_schema\lib\Cake\Model\Model.php(1296): Model->getDataSource()
#2 D:\_portal\experimental\habtm_test_schema\app\Model\Behavior\ProblematicBehavior.php(6): Model->schema('here!')
#3 D:\_portal\experimental\habtm_test_schema\lib\Cake\Model\BehaviorCollection.php(148): ProblematicBehavior->setup(Object(Tag), Array)
#4 D:\_portal\experimental\habtm_test_schema\lib\Cake\Model\BehaviorCollection.php(68): BehaviorCollection->load('Problematic', Array)
#5 D:\_portal\experimental\habtm_test_schema\lib\Cake\Model\Model.php(725): BehaviorCollection->init('Tag', Array)
#6 [internal function]: Model->__construct(Array)
#7 D:\_portal\experimental\habtm_test_schema\lib\Cake\Utility\ClassRegistry.php(156): ReflectionClass->newInstance(Array)
#8 D:\_portal\experimental\habtm_test_schema\lib\Cake\Model\Model.php(1007): ClassRegistry::init(Array)
#9 D:\_portal\experimental\habtm_test_schema\lib\Cake\Model\Model.php(833): Model->_constructLinkedModel('Tag', 'Tag', NULL)
#10 D:\_portal\experimental\habtm_test_schema\lib\Cake\Model\Model.php(863): Model->__isset('Tag')
#11 D:\_portal\experimental\habtm_test_schema\lib\Cake\Model\Model.php(1052): Model->__get('Tag')
#12 D:\_portal\experimental\habtm_test_schema\lib\Cake\Model\Model.php(978): Model->_generateAssociation('hasAndBelongsTo...', 'Tag')
#13 D:\_portal\experimental\habtm_test_schema\lib\Cake\Model\Model.php(724): Model->_createLinks()
#14 D:\_portal\experimental\habtm_test_schema\lib\Cake\TestSuite\Fixture\CakeTestFixture.php(105): Model->__construct(NULL, NULL, 'default')
#15 D:\_portal\experimental\habtm_test_schema\lib\Cake\TestSuite\Fixture\CakeTestFixture.php(82): CakeTestFixture->init()
#16 D:\_portal\experimental\habtm_test_schema\lib\Cake\TestSuite\Fixture\CakeFixtureManager.php(142): CakeTestFixture->__construct()
#17 D:\_portal\experimental\habtm_test_schema\lib\Cake\TestSuite\Fixture\CakeFixtureManager.php(78): CakeFixtureManager->_loadFixtures(Array)
#18 D:\_portal\experimental\habtm_test_schema\lib\Cake\TestSuite\CakeTestRunner.php(52): CakeFixtureManager->fixturize(Object(PostTestCase))
#19 D:\_portal\experimental\habtm_test_schema\lib\Cake\TestSuite\CakeTestSuiteCommand.php(111): CakeTestRunner->doRun(Object(PHPUnit_Framework_TestSuite), Array)
#20 D:\_portal\experimental\habtm_test_schema\lib\Cake\TestSuite\CakeTestSuiteDispatcher.php(252): CakeTestSuiteCommand->run(Array)
#21 D:\_portal\experimental\habtm_test_schema\lib\Cake\TestSuite\CakeTestSuiteDispatcher.php(99): CakeTestSuiteDispatcher->_runTestCase()
#22 D:\_portal\experimental\habtm_test_schema\lib\Cake\TestSuite\CakeTestSuiteDispatcher.php(116): CakeTestSuiteDispatcher->dispatch()
#23 D:\_portal\experimental\habtm_test_schema\app\webroot\test.php(92): CakeTestSuiteDispatcher::run()
#24 {main}
2012-06-13 15:12:13 Error: [PDOException] SQLSTATE[42S02]: Base table or view not found: 1146 Table 'test_habtm_test_schema.tags' doesn't exist
#0 D:\_portal\experimental\habtm_test_schema\lib\Cake\Model\Datasource\DboSource.php(437): PDOStatement->execute(Array)
#1 D:\_portal\experimental\habtm_test_schema\lib\Cake\Model\Datasource\Database\Mysql.php(308): DboSource->_execute('SHOW FULL COLUM...')
#2 D:\_portal\experimental\habtm_test_schema\lib\Cake\Model\Model.php(1299): Mysql->describe(Object(Tag))
#3 D:\_portal\experimental\habtm_test_schema\app\Model\Behavior\ProblematicBehavior.php(6): Model->schema('here!')
#4 D:\_portal\experimental\habtm_test_schema\lib\Cake\Model\BehaviorCollection.php(148): ProblematicBehavior->setup(Object(Tag), Array)
#5 D:\_portal\experimental\habtm_test_schema\lib\Cake\Model\BehaviorCollection.php(68): BehaviorCollection->load('Problematic', Array)
#6 D:\_portal\experimental\habtm_test_schema\lib\Cake\Model\Model.php(725): BehaviorCollection->init('Tag', Array)
#7 [internal function]: Model->__construct(Array)
#8 D:\_portal\experimental\habtm_test_schema\lib\Cake\Utility\ClassRegistry.php(156): ReflectionClass->newInstance(Array)
#9 D:\_portal\experimental\habtm_test_schema\lib\Cake\Model\Model.php(1007): ClassRegistry::init(Array)
#10 D:\_portal\experimental\habtm_test_schema\lib\Cake\Model\Model.php(833): Model->_constructLinkedModel('Tag', 'Tag', NULL)
#11 D:\_portal\experimental\habtm_test_schema\lib\Cake\Model\Model.php(863): Model->__isset('Tag')
#12 D:\_portal\experimental\habtm_test_schema\lib\Cake\Model\Model.php(1052): Model->__get('Tag')
#13 D:\_portal\experimental\habtm_test_schema\lib\Cake\Model\Model.php(978): Model->_generateAssociation('hasAndBelongsTo...', 'Tag')
#14 D:\_portal\experimental\habtm_test_schema\lib\Cake\Model\Model.php(724): Model->_createLinks()
#15 D:\_portal\experimental\habtm_test_schema\lib\Cake\TestSuite\Fixture\CakeTestFixture.php(105): Model->__construct(NULL, NULL, 'default')
#16 D:\_portal\experimental\habtm_test_schema\lib\Cake\TestSuite\Fixture\CakeTestFixture.php(82): CakeTestFixture->init()
#17 D:\_portal\experimental\habtm_test_schema\lib\Cake\TestSuite\Fixture\CakeFixtureManager.php(142): CakeTestFixture->__construct()
#18 D:\_portal\experimental\habtm_test_schema\lib\Cake\TestSuite\Fixture\CakeFixtureManager.php(78): CakeFixtureManager->_loadFixtures(Array)
#19 D:\_portal\experimental\habtm_test_schema\lib\Cake\TestSuite\CakeTestRunner.php(52): CakeFixtureManager->fixturize(Object(PostTestCase))
#20 D:\_portal\experimental\habtm_test_schema\lib\Cake\TestSuite\CakeTestSuiteCommand.php(111): CakeTestRunner->doRun(Object(PHPUnit_Framework_TestSuite), Array)
#21 D:\_portal\experimental\habtm_test_schema\lib\Cake\TestSuite\CakeTestSuiteDispatcher.php(252): CakeTestSuiteCommand->run(Array)
#22 D:\_portal\experimental\habtm_test_schema\lib\Cake\TestSuite\CakeTestSuiteDispatcher.php(99): CakeTestSuiteDispatcher->_runTestCase()
#23 D:\_portal\experimental\habtm_test_schema\lib\Cake\TestSuite\CakeTestSuiteDispatcher.php(116): CakeTestSuiteDispatcher->dispatch()
#24 D:\_portal\experimental\habtm_test_schema\app\webroot\test.php(92): CakeTestSuiteDispatcher::run()
#25 {main}
2012-06-13 15:12:44 Error: [MissingTableException] Table tags for model Tag was not found in datasource test.
#0 D:\_portal\experimental\habtm_test_schema\lib\Cake\Model\Model.php(3448): Model->setSource('tags')
#1 D:\_portal\experimental\habtm_test_schema\lib\Cake\Model\Model.php(1296): Model->getDataSource()
#2 D:\_portal\experimental\habtm_test_schema\app\Model\Behavior\ProblematicBehavior.php(6): Model->schema('here!')
#3 D:\_portal\experimental\habtm_test_schema\lib\Cake\Model\BehaviorCollection.php(148): ProblematicBehavior->setup(Object(Tag), Array)
#4 D:\_portal\experimental\habtm_test_schema\lib\Cake\Model\BehaviorCollection.php(68): BehaviorCollection->load('Problematic', Array)
#5 D:\_portal\experimental\habtm_test_schema\lib\Cake\Model\Model.php(725): BehaviorCollection->init('Tag', Array)
#6 [internal function]: Model->__construct(Array)
#7 D:\_portal\experimental\habtm_test_schema\lib\Cake\Utility\ClassRegistry.php(156): ReflectionClass->newInstance(Array)
#8 D:\_portal\experimental\habtm_test_schema\lib\Cake\Model\Model.php(1007): ClassRegistry::init(Array)
#9 D:\_portal\experimental\habtm_test_schema\lib\Cake\Model\Model.php(833): Model->_constructLinkedModel('Tag', 'Tag', NULL)
#10 D:\_portal\experimental\habtm_test_schema\lib\Cake\Model\Model.php(863): Model->__isset('Tag')
#11 D:\_portal\experimental\habtm_test_schema\lib\Cake\Model\Model.php(1052): Model->__get('Tag')
#12 D:\_portal\experimental\habtm_test_schema\lib\Cake\Model\Model.php(978): Model->_generateAssociation('hasAndBelongsTo...', 'Tag')
#13 D:\_portal\experimental\habtm_test_schema\lib\Cake\Model\Model.php(724): Model->_createLinks()
#14 D:\_portal\experimental\habtm_test_schema\lib\Cake\TestSuite\Fixture\CakeTestFixture.php(105): Model->__construct(NULL, NULL, 'default')
#15 D:\_portal\experimental\habtm_test_schema\lib\Cake\TestSuite\Fixture\CakeTestFixture.php(82): CakeTestFixture->init()
#16 D:\_portal\experimental\habtm_test_schema\lib\Cake\TestSuite\Fixture\CakeFixtureManager.php(142): CakeTestFixture->__construct()
#17 D:\_portal\experimental\habtm_test_schema\lib\Cake\TestSuite\Fixture\CakeFixtureManager.php(78): CakeFixtureManager->_loadFixtures(Array)
#18 D:\_portal\experimental\habtm_test_schema\lib\Cake\TestSuite\CakeTestRunner.php(52): CakeFixtureManager->fixturize(Object(PostTestCase))
#19 D:\_portal\experimental\habtm_test_schema\lib\Cake\TestSuite\CakeTestSuiteCommand.php(111): CakeTestRunner->doRun(Object(PHPUnit_Framework_TestSuite), Array)
#20 D:\_portal\experimental\habtm_test_schema\lib\Cake\TestSuite\CakeTestSuiteDispatcher.php(252): CakeTestSuiteCommand->run(Array)
#21 D:\_portal\experimental\habtm_test_schema\lib\Cake\TestSuite\CakeTestSuiteDispatcher.php(99): CakeTestSuiteDispatcher->_runTestCase()
#22 D:\_portal\experimental\habtm_test_schema\lib\Cake\TestSuite\CakeTestSuiteDispatcher.php(116): CakeTestSuiteDispatcher->dispatch()
#23 D:\_portal\experimental\habtm_test_schema\app\webroot\test.php(92): CakeTestSuiteDispatcher::run()
#24 {main}
2012-06-13 15:12:55 Error: [MissingTableException] Table tags for model Tag was not found in datasource test.
#0 D:\_portal\experimental\habtm_test_schema\lib\Cake\Model\Model.php(3448): Model->setSource('tags')
#1 D:\_portal\experimental\habtm_test_schema\lib\Cake\Model\Model.php(1296): Model->getDataSource()
#2 D:\_portal\experimental\habtm_test_schema\app\Model\Behavior\ProblematicBehavior.php(6): Model->schema('here!')
#3 D:\_portal\experimental\habtm_test_schema\lib\Cake\Model\BehaviorCollection.php(148): ProblematicBehavior->setup(Object(Tag), Array)
#4 D:\_portal\experimental\habtm_test_schema\lib\Cake\Model\BehaviorCollection.php(68): BehaviorCollection->load('Problematic', Array)
#5 D:\_portal\experimental\habtm_test_schema\lib\Cake\Model\Model.php(725): BehaviorCollection->init('Tag', Array)
#6 [internal function]: Model->__construct(Array)
#7 D:\_portal\experimental\habtm_test_schema\lib\Cake\Utility\ClassRegistry.php(156): ReflectionClass->newInstance(Array)
#8 D:\_portal\experimental\habtm_test_schema\lib\Cake\Model\Model.php(1007): ClassRegistry::init(Array)
#9 D:\_portal\experimental\habtm_test_schema\lib\Cake\Model\Model.php(833): Model->_constructLinkedModel('Tag', 'Tag', NULL)
#10 D:\_portal\experimental\habtm_test_schema\lib\Cake\Model\Model.php(863): Model->__isset('Tag')
#11 D:\_portal\experimental\habtm_test_schema\lib\Cake\Model\Model.php(1052): Model->__get('Tag')
#12 D:\_portal\experimental\habtm_test_schema\lib\Cake\Model\Model.php(978): Model->_generateAssociation('hasAndBelongsTo...', 'Tag')
#13 D:\_portal\experimental\habtm_test_schema\lib\Cake\Model\Model.php(724): Model->_createLinks()
#14 D:\_portal\experimental\habtm_test_schema\lib\Cake\TestSuite\Fixture\CakeTestFixture.php(105): Model->__construct(NULL, NULL, 'default')
#15 D:\_portal\experimental\habtm_test_schema\lib\Cake\TestSuite\Fixture\CakeTestFixture.php(82): CakeTestFixture->init()
#16 D:\_portal\experimental\habtm_test_schema\lib\Cake\TestSuite\Fixture\CakeFixtureManager.php(142): CakeTestFixture->__construct()
#17 D:\_portal\experimental\habtm_test_schema\lib\Cake\TestSuite\Fixture\CakeFixtureManager.php(78): CakeFixtureManager->_loadFixtures(Array)
#18 D:\_portal\experimental\habtm_test_schema\lib\Cake\TestSuite\CakeTestRunner.php(52): CakeFixtureManager->fixturize(Object(PostTestCase))
#19 D:\_portal\experimental\habtm_test_schema\lib\Cake\TestSuite\CakeTestSuiteCommand.php(111): CakeTestRunner->doRun(Object(PHPUnit_Framework_TestSuite), Array)
#20 D:\_portal\experimental\habtm_test_schema\lib\Cake\TestSuite\CakeTestSuiteDispatcher.php(252): CakeTestSuiteCommand->run(Array)
#21 D:\_portal\experimental\habtm_test_schema\lib\Cake\TestSuite\CakeTestSuiteDispatcher.php(99): CakeTestSuiteDispatcher->_runTestCase()
#22 D:\_portal\experimental\habtm_test_schema\lib\Cake\TestSuite\CakeTestSuiteDispatcher.php(116): CakeTestSuiteDispatcher->dispatch()
#23 D:\_portal\experimental\habtm_test_schema\app\webroot\test.php(92): CakeTestSuiteDispatcher::run()
#24 {main}
2012-06-13 15:13:52 Error: [MissingTableException] Table tags for model Tag was not found in datasource test.
#0 D:\_portal\experimental\habtm_test_schema\lib\Cake\Model\Model.php(3449): Model->setSource('tags')
#1 D:\_portal\experimental\habtm_test_schema\lib\Cake\Model\Model.php(1297): Model->getDataSource()
#2 D:\_portal\experimental\habtm_test_schema\app\Model\Behavior\ProblematicBehavior.php(6): Model->schema('here!')
#3 D:\_portal\experimental\habtm_test_schema\lib\Cake\Model\BehaviorCollection.php(148): ProblematicBehavior->setup(Object(Tag), Array)
#4 D:\_portal\experimental\habtm_test_schema\lib\Cake\Model\BehaviorCollection.php(68): BehaviorCollection->load('Problematic', Array)
#5 D:\_portal\experimental\habtm_test_schema\lib\Cake\Model\Model.php(725): BehaviorCollection->init('Tag', Array)
#6 [internal function]: Model->__construct(Array)
#7 D:\_portal\experimental\habtm_test_schema\lib\Cake\Utility\ClassRegistry.php(156): ReflectionClass->newInstance(Array)
#8 D:\_portal\experimental\habtm_test_schema\lib\Cake\Model\Model.php(1007): ClassRegistry::init(Array)
#9 D:\_portal\experimental\habtm_test_schema\lib\Cake\Model\Model.php(833): Model->_constructLinkedModel('Tag', 'Tag', NULL)
#10 D:\_portal\experimental\habtm_test_schema\lib\Cake\Model\Model.php(863): Model->__isset('Tag')
#11 D:\_portal\experimental\habtm_test_schema\lib\Cake\Model\Model.php(1052): Model->__get('Tag')
#12 D:\_portal\experimental\habtm_test_schema\lib\Cake\Model\Model.php(978): Model->_generateAssociation('hasAndBelongsTo...', 'Tag')
#13 D:\_portal\experimental\habtm_test_schema\lib\Cake\Model\Model.php(724): Model->_createLinks()
#14 D:\_portal\experimental\habtm_test_schema\lib\Cake\TestSuite\Fixture\CakeTestFixture.php(105): Model->__construct(NULL, NULL, 'default')
#15 D:\_portal\experimental\habtm_test_schema\lib\Cake\TestSuite\Fixture\CakeTestFixture.php(82): CakeTestFixture->init()
#16 D:\_portal\experimental\habtm_test_schema\lib\Cake\TestSuite\Fixture\CakeFixtureManager.php(142): CakeTestFixture->__construct()
#17 D:\_portal\experimental\habtm_test_schema\lib\Cake\TestSuite\Fixture\CakeFixtureManager.php(78): CakeFixtureManager->_loadFixtures(Array)
#18 D:\_portal\experimental\habtm_test_schema\lib\Cake\TestSuite\CakeTestRunner.php(52): CakeFixtureManager->fixturize(Object(PostTestCase))
#19 D:\_portal\experimental\habtm_test_schema\lib\Cake\TestSuite\CakeTestSuiteCommand.php(111): CakeTestRunner->doRun(Object(PHPUnit_Framework_TestSuite), Array)
#20 D:\_portal\experimental\habtm_test_schema\lib\Cake\TestSuite\CakeTestSuiteDispatcher.php(252): CakeTestSuiteCommand->run(Array)
#21 D:\_portal\experimental\habtm_test_schema\lib\Cake\TestSuite\CakeTestSuiteDispatcher.php(99): CakeTestSuiteDispatcher->_runTestCase()
#22 D:\_portal\experimental\habtm_test_schema\lib\Cake\TestSuite\CakeTestSuiteDispatcher.php(116): CakeTestSuiteDispatcher->dispatch()
#23 D:\_portal\experimental\habtm_test_schema\app\webroot\test.php(92): CakeTestSuiteDispatcher::run()
#24 {main}
2012-06-13 15:14:16 Error: [MissingTableException] Table tags for model Tag was not found in datasource test.
#0 D:\_portal\experimental\habtm_test_schema\lib\Cake\Model\Model.php(3450): Model->setSource('tags')
#1 D:\_portal\experimental\habtm_test_schema\lib\Cake\Model\Model.php(1298): Model->getDataSource()
#2 D:\_portal\experimental\habtm_test_schema\app\Model\Behavior\ProblematicBehavior.php(6): Model->schema('here!')
#3 D:\_portal\experimental\habtm_test_schema\lib\Cake\Model\BehaviorCollection.php(148): ProblematicBehavior->setup(Object(Tag), Array)
#4 D:\_portal\experimental\habtm_test_schema\lib\Cake\Model\BehaviorCollection.php(68): BehaviorCollection->load('Problematic', Array)
#5 D:\_portal\experimental\habtm_test_schema\lib\Cake\Model\Model.php(725): BehaviorCollection->init('Tag', Array)
#6 [internal function]: Model->__construct(Array)
#7 D:\_portal\experimental\habtm_test_schema\lib\Cake\Utility\ClassRegistry.php(156): ReflectionClass->newInstance(Array)
#8 D:\_portal\experimental\habtm_test_schema\lib\Cake\Model\Model.php(1007): ClassRegistry::init(Array)
#9 D:\_portal\experimental\habtm_test_schema\lib\Cake\Model\Model.php(833): Model->_constructLinkedModel('Tag', 'Tag', NULL)
#10 D:\_portal\experimental\habtm_test_schema\lib\Cake\Model\Model.php(863): Model->__isset('Tag')
#11 D:\_portal\experimental\habtm_test_schema\lib\Cake\Model\Model.php(1052): Model->__get('Tag')
#12 D:\_portal\experimental\habtm_test_schema\lib\Cake\Model\Model.php(978): Model->_generateAssociation('hasAndBelongsTo...', 'Tag')
#13 D:\_portal\experimental\habtm_test_schema\lib\Cake\Model\Model.php(724): Model->_createLinks()
#14 D:\_portal\experimental\habtm_test_schema\lib\Cake\TestSuite\Fixture\CakeTestFixture.php(105): Model->__construct(NULL, NULL, 'default')
#15 D:\_portal\experimental\habtm_test_schema\lib\Cake\TestSuite\Fixture\CakeTestFixture.php(82): CakeTestFixture->init()
#16 D:\_portal\experimental\habtm_test_schema\lib\Cake\TestSuite\Fixture\CakeFixtureManager.php(142): CakeTestFixture->__construct()
#17 D:\_portal\experimental\habtm_test_schema\lib\Cake\TestSuite\Fixture\CakeFixtureManager.php(78): CakeFixtureManager->_loadFixtures(Array)
#18 D:\_portal\experimental\habtm_test_schema\lib\Cake\TestSuite\CakeTestRunner.php(52): CakeFixtureManager->fixturize(Object(PostTestCase))
#19 D:\_portal\experimental\habtm_test_schema\lib\Cake\TestSuite\CakeTestSuiteCommand.php(111): CakeTestRunner->doRun(Object(PHPUnit_Framework_TestSuite), Array)
#20 D:\_portal\experimental\habtm_test_schema\lib\Cake\TestSuite\CakeTestSuiteDispatcher.php(252): CakeTestSuiteCommand->run(Array)
#21 D:\_portal\experimental\habtm_test_schema\lib\Cake\TestSuite\CakeTestSuiteDispatcher.php(99): CakeTestSuiteDispatcher->_runTestCase()
#22 D:\_portal\experimental\habtm_test_schema\lib\Cake\TestSuite\CakeTestSuiteDispatcher.php(116): CakeTestSuiteDispatcher->dispatch()
#23 D:\_portal\experimental\habtm_test_schema\app\webroot\test.php(92): CakeTestSuiteDispatcher::run()
#24 {main}
2012-06-13 15:14:32 Error: [MissingTableException] Table tags for model Tag was not found in datasource test.
#0 D:\_portal\experimental\habtm_test_schema\lib\Cake\Model\Model.php(3451): Model->setSource('tags')
#1 D:\_portal\experimental\habtm_test_schema\lib\Cake\Model\Model.php(1299): Model->getDataSource()
#2 D:\_portal\experimental\habtm_test_schema\app\Model\Behavior\ProblematicBehavior.php(6): Model->schema('here!')
#3 D:\_portal\experimental\habtm_test_schema\lib\Cake\Model\BehaviorCollection.php(148): ProblematicBehavior->setup(Object(Tag), Array)
#4 D:\_portal\experimental\habtm_test_schema\lib\Cake\Model\BehaviorCollection.php(68): BehaviorCollection->load('Problematic', Array)
#5 D:\_portal\experimental\habtm_test_schema\lib\Cake\Model\Model.php(725): BehaviorCollection->init('Tag', Array)
#6 [internal function]: Model->__construct(Array)
#7 D:\_portal\experimental\habtm_test_schema\lib\Cake\Utility\ClassRegistry.php(156): ReflectionClass->newInstance(Array)
#8 D:\_portal\experimental\habtm_test_schema\lib\Cake\Model\Model.php(1007): ClassRegistry::init(Array)
#9 D:\_portal\experimental\habtm_test_schema\lib\Cake\Model\Model.php(833): Model->_constructLinkedModel('Tag', 'Tag', NULL)
#10 D:\_portal\experimental\habtm_test_schema\lib\Cake\Model\Model.php(863): Model->__isset('Tag')
#11 D:\_portal\experimental\habtm_test_schema\lib\Cake\Model\Model.php(1052): Model->__get('Tag')
#12 D:\_portal\experimental\habtm_test_schema\lib\Cake\Model\Model.php(978): Model->_generateAssociation('hasAndBelongsTo...', 'Tag')
#13 D:\_portal\experimental\habtm_test_schema\lib\Cake\Model\Model.php(724): Model->_createLinks()
#14 D:\_portal\experimental\habtm_test_schema\lib\Cake\TestSuite\Fixture\CakeTestFixture.php(105): Model->__construct(NULL, NULL, 'default')
#15 D:\_portal\experimental\habtm_test_schema\lib\Cake\TestSuite\Fixture\CakeTestFixture.php(82): CakeTestFixture->init()
#16 D:\_portal\experimental\habtm_test_schema\lib\Cake\TestSuite\Fixture\CakeFixtureManager.php(142): CakeTestFixture->__construct()
#17 D:\_portal\experimental\habtm_test_schema\lib\Cake\TestSuite\Fixture\CakeFixtureManager.php(78): CakeFixtureManager->_loadFixtures(Array)
#18 D:\_portal\experimental\habtm_test_schema\lib\Cake\TestSuite\CakeTestRunner.php(52): CakeFixtureManager->fixturize(Object(PostTestCase))
#19 D:\_portal\experimental\habtm_test_schema\lib\Cake\TestSuite\CakeTestSuiteCommand.php(111): CakeTestRunner->doRun(Object(PHPUnit_Framework_TestSuite), Array)
#20 D:\_portal\experimental\habtm_test_schema\lib\Cake\TestSuite\CakeTestSuiteDispatcher.php(252): CakeTestSuiteCommand->run(Array)
#21 D:\_portal\experimental\habtm_test_schema\lib\Cake\TestSuite\CakeTestSuiteDispatcher.php(99): CakeTestSuiteDispatcher->_runTestCase()
#22 D:\_portal\experimental\habtm_test_schema\lib\Cake\TestSuite\CakeTestSuiteDispatcher.php(116): CakeTestSuiteDispatcher->dispatch()
#23 D:\_portal\experimental\habtm_test_schema\app\webroot\test.php(92): CakeTestSuiteDispatcher::run()
#24 {main}
2012-06-13 15:15:03 Error: [MissingTableException] Table tags for model Tag was not found in datasource test.
#0 D:\_portal\experimental\habtm_test_schema\lib\Cake\Model\Model.php(3449): Model->setSource('tags')
#1 D:\_portal\experimental\habtm_test_schema\lib\Cake\Model\Model.php(1297): Model->getDataSource()
#2 D:\_portal\experimental\habtm_test_schema\app\Model\Behavior\ProblematicBehavior.php(6): Model->schema('here!')
#3 D:\_portal\experimental\habtm_test_schema\lib\Cake\Model\BehaviorCollection.php(148): ProblematicBehavior->setup(Object(Tag), Array)
#4 D:\_portal\experimental\habtm_test_schema\lib\Cake\Model\BehaviorCollection.php(68): BehaviorCollection->load('Problematic', Array)
#5 D:\_portal\experimental\habtm_test_schema\lib\Cake\Model\Model.php(725): BehaviorCollection->init('Tag', Array)
#6 [internal function]: Model->__construct(Array)
#7 D:\_portal\experimental\habtm_test_schema\lib\Cake\Utility\ClassRegistry.php(156): ReflectionClass->newInstance(Array)
#8 D:\_portal\experimental\habtm_test_schema\lib\Cake\Model\Model.php(1007): ClassRegistry::init(Array)
#9 D:\_portal\experimental\habtm_test_schema\lib\Cake\Model\Model.php(833): Model->_constructLinkedModel('Tag', 'Tag', NULL)
#10 D:\_portal\experimental\habtm_test_schema\lib\Cake\Model\Model.php(863): Model->__isset('Tag')
#11 D:\_portal\experimental\habtm_test_schema\lib\Cake\Model\Model.php(1052): Model->__get('Tag')
#12 D:\_portal\experimental\habtm_test_schema\lib\Cake\Model\Model.php(978): Model->_generateAssociation('hasAndBelongsTo...', 'Tag')
#13 D:\_portal\experimental\habtm_test_schema\lib\Cake\Model\Model.php(724): Model->_createLinks()
#14 D:\_portal\experimental\habtm_test_schema\lib\Cake\TestSuite\Fixture\CakeTestFixture.php(105): Model->__construct(NULL, NULL, 'default')
#15 D:\_portal\experimental\habtm_test_schema\lib\Cake\TestSuite\Fixture\CakeTestFixture.php(82): CakeTestFixture->init()
#16 D:\_portal\experimental\habtm_test_schema\lib\Cake\TestSuite\Fixture\CakeFixtureManager.php(142): CakeTestFixture->__construct()
#17 D:\_portal\experimental\habtm_test_schema\lib\Cake\TestSuite\Fixture\CakeFixtureManager.php(78): CakeFixtureManager->_loadFixtures(Array)
#18 D:\_portal\experimental\habtm_test_schema\lib\Cake\TestSuite\CakeTestRunner.php(52): CakeFixtureManager->fixturize(Object(PostTestCase))
#19 D:\_portal\experimental\habtm_test_schema\lib\Cake\TestSuite\CakeTestSuiteCommand.php(111): CakeTestRunner->doRun(Object(PHPUnit_Framework_TestSuite), Array)
#20 D:\_portal\experimental\habtm_test_schema\lib\Cake\TestSuite\CakeTestSuiteDispatcher.php(252): CakeTestSuiteCommand->run(Array)
#21 D:\_portal\experimental\habtm_test_schema\lib\Cake\TestSuite\CakeTestSuiteDispatcher.php(99): CakeTestSuiteDispatcher->_runTestCase()
#22 D:\_portal\experimental\habtm_test_schema\lib\Cake\TestSuite\CakeTestSuiteDispatcher.php(116): CakeTestSuiteDispatcher->dispatch()
#23 D:\_portal\experimental\habtm_test_schema\app\webroot\test.php(92): CakeTestSuiteDispatcher::run()
#24 {main}
2012-06-13 15:16:21 Error: [MissingTableException] Table tags for model Tag was not found in datasource test.
#0 D:\_portal\experimental\habtm_test_schema\lib\Cake\Model\Model.php(3443): Model->setSource('tags')
#1 D:\_portal\experimental\habtm_test_schema\lib\Cake\Model\Model.php(1292): Model->getDataSource()
#2 D:\_portal\experimental\habtm_test_schema\app\Model\Behavior\ProblematicBehavior.php(6): Model->schema()
#3 D:\_portal\experimental\habtm_test_schema\lib\Cake\Model\BehaviorCollection.php(148): ProblematicBehavior->setup(Object(Tag), Array)
#4 D:\_portal\experimental\habtm_test_schema\lib\Cake\Model\BehaviorCollection.php(68): BehaviorCollection->load('Problematic', Array)
#5 D:\_portal\experimental\habtm_test_schema\lib\Cake\Model\Model.php(725): BehaviorCollection->init('Tag', Array)
#6 [internal function]: Model->__construct(Array)
#7 D:\_portal\experimental\habtm_test_schema\lib\Cake\Utility\ClassRegistry.php(156): ReflectionClass->newInstance(Array)
#8 D:\_portal\experimental\habtm_test_schema\lib\Cake\Model\Model.php(1007): ClassRegistry::init(Array)
#9 D:\_portal\experimental\habtm_test_schema\lib\Cake\Model\Model.php(833): Model->_constructLinkedModel('Tag', 'Tag', NULL)
#10 D:\_portal\experimental\habtm_test_schema\lib\Cake\Model\Model.php(863): Model->__isset('Tag')
#11 D:\_portal\experimental\habtm_test_schema\lib\Cake\Model\Model.php(1052): Model->__get('Tag')
#12 D:\_portal\experimental\habtm_test_schema\lib\Cake\Model\Model.php(978): Model->_generateAssociation('hasAndBelongsTo...', 'Tag')
#13 D:\_portal\experimental\habtm_test_schema\lib\Cake\Model\Model.php(724): Model->_createLinks()
#14 D:\_portal\experimental\habtm_test_schema\lib\Cake\TestSuite\Fixture\CakeTestFixture.php(105): Model->__construct(NULL, NULL, 'default')
#15 D:\_portal\experimental\habtm_test_schema\lib\Cake\TestSuite\Fixture\CakeTestFixture.php(82): CakeTestFixture->init()
#16 D:\_portal\experimental\habtm_test_schema\lib\Cake\TestSuite\Fixture\CakeFixtureManager.php(142): CakeTestFixture->__construct()
#17 D:\_portal\experimental\habtm_test_schema\lib\Cake\TestSuite\Fixture\CakeFixtureManager.php(78): CakeFixtureManager->_loadFixtures(Array)
#18 D:\_portal\experimental\habtm_test_schema\lib\Cake\TestSuite\CakeTestRunner.php(52): CakeFixtureManager->fixturize(Object(PostTestCase))
#19 D:\_portal\experimental\habtm_test_schema\lib\Cake\TestSuite\CakeTestSuiteCommand.php(111): CakeTestRunner->doRun(Object(PHPUnit_Framework_TestSuite), Array)
#20 D:\_portal\experimental\habtm_test_schema\lib\Cake\TestSuite\CakeTestSuiteDispatcher.php(252): CakeTestSuiteCommand->run(Array)
#21 D:\_portal\experimental\habtm_test_schema\lib\Cake\TestSuite\CakeTestSuiteDispatcher.php(99): CakeTestSuiteDispatcher->_runTestCase()
#22 D:\_portal\experimental\habtm_test_schema\lib\Cake\TestSuite\CakeTestSuiteDispatcher.php(116): CakeTestSuiteDispatcher->dispatch()
#23 D:\_portal\experimental\habtm_test_schema\app\webroot\test.php(92): CakeTestSuiteDispatcher::run()
#24 {main}
2012-06-13 15:19:21 Error: [MissingTableException] Table tags for model Tag was not found in datasource test.
#0 D:\_portal\experimental\habtm_test_schema\lib\Cake\Model\Model.php(3443): Model->setSource('tags')
#1 D:\_portal\experimental\habtm_test_schema\lib\Cake\Model\Model.php(1292): Model->getDataSource()
#2 D:\_portal\experimental\habtm_test_schema\app\Model\Behavior\ProblematicBehavior.php(6): Model->schema()
#3 D:\_portal\experimental\habtm_test_schema\lib\Cake\Model\BehaviorCollection.php(148): ProblematicBehavior->setup(Object(Tag), Array)
#4 D:\_portal\experimental\habtm_test_schema\lib\Cake\Model\BehaviorCollection.php(68): BehaviorCollection->load('Problematic', Array)
#5 D:\_portal\experimental\habtm_test_schema\lib\Cake\Model\Model.php(725): BehaviorCollection->init('Tag', Array)
#6 [internal function]: Model->__construct(Array)
#7 D:\_portal\experimental\habtm_test_schema\lib\Cake\Utility\ClassRegistry.php(156): ReflectionClass->newInstance(Array)
#8 D:\_portal\experimental\habtm_test_schema\lib\Cake\Model\Model.php(1007): ClassRegistry::init(Array)
#9 D:\_portal\experimental\habtm_test_schema\lib\Cake\Model\Model.php(833): Model->_constructLinkedModel('Tag', 'Tag', NULL)
#10 D:\_portal\experimental\habtm_test_schema\lib\Cake\Model\Model.php(863): Model->__isset('Tag')
#11 D:\_portal\experimental\habtm_test_schema\lib\Cake\Model\Model.php(1052): Model->__get('Tag')
#12 D:\_portal\experimental\habtm_test_schema\lib\Cake\Model\Model.php(978): Model->_generateAssociation('hasAndBelongsTo...', 'Tag')
#13 D:\_portal\experimental\habtm_test_schema\lib\Cake\Model\Model.php(724): Model->_createLinks()
#14 D:\_portal\experimental\habtm_test_schema\lib\Cake\TestSuite\Fixture\CakeTestFixture.php(105): Model->__construct(NULL, NULL, 'default')
#15 D:\_portal\experimental\habtm_test_schema\lib\Cake\TestSuite\Fixture\CakeTestFixture.php(82): CakeTestFixture->init()
#16 D:\_portal\experimental\habtm_test_schema\lib\Cake\TestSuite\Fixture\CakeFixtureManager.php(142): CakeTestFixture->__construct()
#17 D:\_portal\experimental\habtm_test_schema\lib\Cake\TestSuite\Fixture\CakeFixtureManager.php(78): CakeFixtureManager->_loadFixtures(Array)
#18 D:\_portal\experimental\habtm_test_schema\lib\Cake\TestSuite\CakeTestRunner.php(52): CakeFixtureManager->fixturize(Object(PostTestCase))
#19 D:\_portal\experimental\habtm_test_schema\lib\Cake\TestSuite\CakeTestSuiteCommand.php(111): CakeTestRunner->doRun(Object(PHPUnit_Framework_TestSuite), Array)
#20 D:\_portal\experimental\habtm_test_schema\lib\Cake\TestSuite\CakeTestSuiteDispatcher.php(252): CakeTestSuiteCommand->run(Array)
#21 D:\_portal\experimental\habtm_test_schema\lib\Cake\TestSuite\CakeTestSuiteDispatcher.php(99): CakeTestSuiteDispatcher->_runTestCase()
#22 D:\_portal\experimental\habtm_test_schema\lib\Cake\TestSuite\CakeTestSuiteDispatcher.php(116): CakeTestSuiteDispatcher->dispatch()
#23 D:\_portal\experimental\habtm_test_schema\app\webroot\test.php(92): CakeTestSuiteDispatcher::run()
#24 {main}
